<?xml version="1.0" encoding="UTF-8"?>
<testng-results ignored="0" total="2" passed="2" failed="0" skipped="0">
  <reporter-output>
  </reporter-output>
  <suite started-at="2023-04-09T00:58:52 IST" name="Surefire suite" finished-at="2023-04-09T00:58:58 IST" duration-ms="6378">
    <groups>
    </groups>
    <test started-at="2023-04-09T00:58:52 IST" name="Surefire test" finished-at="2023-04-09T00:58:58 IST" duration-ms="6378">
      <class name="TestNgTest.TestExample1">
        <test-method is-config="true" signature="beforeMethod()[pri:0, instance:TestNgTest.TestExample1@71d44a3]" started-at="2023-04-09T00:58:52 IST" name="beforeMethod" finished-at="2023-04-09T00:58:54 IST" duration-ms="1891" status="PASS">
          <reporter-output>
          </reporter-output>
        </test-method> <!-- beforeMethod -->
        <test-method signature="navigateToAUrl()[pri:0, instance:TestNgTest.TestExample1@71d44a3]" started-at="2023-04-09T00:58:54 IST" name="navigateToAUrl" finished-at="2023-04-09T00:58:56 IST" duration-ms="1540" status="PASS">
          <reporter-output>
          </reporter-output>
        </test-method> <!-- navigateToAUrl -->
        <test-method is-config="true" signature="afterMethod()[pri:0, instance:TestNgTest.TestExample1@71d44a3]" started-at="2023-04-09T00:58:56 IST" name="afterMethod" finished-at="2023-04-09T00:58:56 IST" duration-ms="198" status="PASS">
          <reporter-output>
          </reporter-output>
        </test-method> <!-- afterMethod -->
        <test-method is-config="true" signature="beforeMethod()[pri:0, instance:TestNgTest.TestExample1@71d44a3]" started-at="2023-04-09T00:58:56 IST" name="beforeMethod" finished-at="2023-04-09T00:58:57 IST" duration-ms="808" status="PASS">
          <reporter-output>
          </reporter-output>
        </test-method> <!-- beforeMethod -->
        <test-method signature="navigateToAUrl1()[pri:0, instance:TestNgTest.TestExample1@71d44a3]" started-at="2023-04-09T00:58:57 IST" name="navigateToAUrl1" finished-at="2023-04-09T00:58:58 IST" duration-ms="1656" status="PASS">
          <reporter-output>
          </reporter-output>
        </test-method> <!-- navigateToAUrl1 -->
        <test-method is-config="true" signature="afterMethod()[pri:0, instance:TestNgTest.TestExample1@71d44a3]" started-at="2023-04-09T00:58:58 IST" name="afterMethod" finished-at="2023-04-09T00:58:58 IST" duration-ms="231" status="PASS">
          <reporter-output>
          </reporter-output>
        </test-method> <!-- afterMethod -->
      </class> <!-- TestNgTest.TestExample1 -->
    </test> <!-- Surefire test -->
  </suite> <!-- Surefire suite -->
</testng-results>
